<?xml version="1.0" encoding="UTF-8"?>
<!-- Generated by org.testng.reporters.JUnitReportReporter -->
<testsuite skipped="0" hostname="lanchao" name="com.cql.BrowerTest" tests="2" failures="0" timestamp="2019-10-17T21:49:36 CST" time="4.259" errors="0">
  <testcase name="browerTest" time="2.093" classname="com.cql.BrowerTest"/>
  <testcase name="browerTest" time="2.166" classname="com.cql.BrowerTest"/>
</testsuite> <!-- com.cql.BrowerTest -->
